<?xml version="1.0" encoding="UTF-8"?>
<!-- Generated by org.testng.reporters.JUnitXMLReporter -->
<testsuite ignored="0" hostname="karishmas-MacBook-Air.local" failures="0" tests="1" name="Test" time="0.115" errors="0" timestamp="2020-10-12T01:52:11 IST">
  <testcase classname="Testscript.TC1" name="@BeforeMethod browserlaunch" time="0.042">
    <failure type="java.lang.IllegalStateException" message="The driver executable does not exist: /Users/karishma/eclipse-workspace/Yelo Automation/chromedriver">
      <![CDATA[java.lang.IllegalStateException: The driver executable does not exist: /Users/karishma/eclipse-workspace/Yelo Automation/chromedriver
at com.google.common.base.Preconditions.checkState(Preconditions.java:585)
at org.openqa.selenium.remote.service.DriverService.checkExecutable(DriverService.java:146)
at org.openqa.selenium.remote.service.DriverService.findExecutable(DriverService.java:141)
at org.openqa.selenium.chrome.ChromeDriverService.access$000(ChromeDriverService.java:35)
at org.openqa.selenium.chrome.ChromeDriverService$Builder.findDefaultExecutable(ChromeDriverService.java:159)
at org.openqa.selenium.remote.service.DriverService$Builder.build(DriverService.java:355)
at org.openqa.selenium.chrome.ChromeDriverService.createDefaultService(ChromeDriverService.java:94)
at org.openqa.selenium.chrome.ChromeDriver.<init>(ChromeDriver.java:157)
at Testscript.TC1.browserlaunch(TC1.java:26)
at java.base/java.util.ArrayList.forEach(ArrayList.java:1507)
... Removed 31 stack frames]]>
    </failure>
  </testcase> <!-- @BeforeMethod browserlaunch -->
  <testcase classname="Testscript.TC1" name="signup" time="0.0">
    <skipped/>
  </testcase> <!-- signup -->
</testsuite> <!-- Test -->
