<?xml version="1.0" encoding="UTF-8"?>
<testng-results ignored="0" total="1" passed="1" failed="0" skipped="0">
  <reporter-output>
  </reporter-output>
  <suite started-at="2020-07-03T20:12:10 IST" name="Default suite" finished-at="2020-07-03T20:13:24 IST" duration-ms="74252">
    <groups>
    </groups>
    <test started-at="2020-07-03T20:12:10 IST" name="Default test" finished-at="2020-07-03T20:13:24 IST" duration-ms="74252">
      <class name="Testscript.TC1">
        <test-method is-config="true" signature="browserlaunch()[pri:0, instance:Testscript.TC1@1d548a08]" started-at="2020-07-03T20:12:10 IST" name="browserlaunch" finished-at="2020-07-03T20:12:23 IST" duration-ms="12476" status="PASS">
          <reporter-output>
          </reporter-output>
        </test-method> <!-- browserlaunch -->
        <test-method signature="test()[pri:0, instance:Testscript.TC1@1d548a08]" started-at="2020-07-03T20:12:23 IST" name="test" finished-at="2020-07-03T20:13:24 IST" duration-ms="61423" status="PASS">
          <reporter-output>
          </reporter-output>
        </test-method> <!-- test -->
        <test-method is-config="true" signature="close()[pri:0, instance:Testscript.TC1@1d548a08]" started-at="2020-07-03T20:13:24 IST" name="close" finished-at="2020-07-03T20:13:24 IST" duration-ms="295" status="PASS">
          <reporter-output>
          </reporter-output>
        </test-method> <!-- close -->
      </class> <!-- Testscript.TC1 -->
    </test> <!-- Default test -->
  </suite> <!-- Default suite -->
</testng-results>
