<?xml version="1.0" encoding="UTF-8"?>
<testng-results ignored="0" total="1" passed="1" failed="0" skipped="0">
  <reporter-output>
  </reporter-output>
  <suite started-at="2020-06-19T23:36:58 IST" name="Default suite" finished-at="2020-06-19T23:37:48 IST" duration-ms="50222">
    <groups>
    </groups>
    <test started-at="2020-06-19T23:36:58 IST" name="Default test" finished-at="2020-06-19T23:37:48 IST" duration-ms="50222">
      <class name="TestNG.TC1">
        <test-method is-config="true" signature="browserlaunch()[pri:0, instance:TestNG.TC1@5762806e]" started-at="2020-06-19T23:36:58 IST" name="browserlaunch" finished-at="2020-06-19T23:37:12 IST" duration-ms="13600" status="PASS">
          <reporter-output>
          </reporter-output>
        </test-method> <!-- browserlaunch -->
        <test-method signature="test()[pri:0, instance:TestNG.TC1@5762806e]" started-at="2020-06-19T23:37:12 IST" name="test" finished-at="2020-06-19T23:37:48 IST" duration-ms="36330" status="PASS">
          <reporter-output>
          </reporter-output>
        </test-method> <!-- test -->
        <test-method is-config="true" signature="close()[pri:0, instance:TestNG.TC1@5762806e]" started-at="2020-06-19T23:37:48 IST" name="close" finished-at="2020-06-19T23:37:48 IST" duration-ms="227" status="PASS">
          <reporter-output>
          </reporter-output>
        </test-method> <!-- close -->
      </class> <!-- TestNG.TC1 -->
    </test> <!-- Default test -->
  </suite> <!-- Default suite -->
</testng-results>
