<?xml version="1.0" encoding="UTF-8"?>
<!-- Generated by org.testng.reporters.JUnitXMLReporter -->
<testsuite ignored="0" hostname="karishmas-MacBook-Air.local" failures="0" tests="4" name="Command line test c98394ed-9048-4892-b27b-e9a136279ad1" time="275.705" errors="0" timestamp="2020-11-20T08:46:58 IST">
  <testcase classname="Testscript.TC10" name="booking_flow_by_admin" time="78.569"/>
  <testcase classname="Testscript.TC13" name="Different_status_booking" time="58.872"/>
  <testcase classname="Testscript.TC14" name="admin_cancelbooking" time="51.734"/>
  <testcase classname="Testscript.TC15" name="admin_rejectbooking" time="36.374"/>
</testsuite> <!-- Command line test c98394ed-9048-4892-b27b-e9a136279ad1 -->
