<?xml version="1.0" encoding="UTF-8"?>
<!-- Generated by org.testng.reporters.JUnitXMLReporter -->
<testsuite ignored="0" hostname="karishmas-MacBook-Air.local" failures="0" tests="3" name="Command line test 8a94740c-f80d-4f99-9921-343f8cab9163" time="224.169" errors="0" timestamp="2020-11-20T00:15:54 IST">
  <testcase classname="Testscript.TC10" name="booking_flow_by_admin" time="78.002"/>
  <testcase classname="Testscript.TC13" name="Different_status_booking" time="58.534"/>
  <testcase classname="Testscript.TC14" name="admin_cancelbooking" time="51.569"/>
</testsuite> <!-- Command line test 8a94740c-f80d-4f99-9921-343f8cab9163 -->
