<?xml version="1.0" encoding="UTF-8"?>
<!-- Generated by org.testng.reporters.JUnitXMLReporter -->
<testsuite ignored="0" hostname="karishmas-MacBook-Air.local" failures="0" tests="4" name="Command line test b4c7591d-3d70-4c8d-8035-d337fdc3e34f" time="277.565" errors="0" timestamp="2020-11-20T11:07:10 IST">
  <testcase classname="Testscript.TC10" name="booking_flow_by_admin" time="78.658"/>
  <testcase classname="Testscript.TC13" name="Different_status_booking" time="59.052"/>
  <testcase classname="Testscript.TC14" name="admin_cancelbooking" time="51.792"/>
  <testcase classname="Testscript.TC15" name="admin_rejectbooking" time="36.479"/>
</testsuite> <!-- Command line test b4c7591d-3d70-4c8d-8035-d337fdc3e34f -->
