<?xml version="1.0" encoding="UTF-8"?>
<!-- Generated by org.testng.reporters.JUnitXMLReporter -->
<testsuite ignored="0" hostname="karishmas-MacBook-Air.local" failures="0" tests="7" name="Test" time="381.854" errors="0" timestamp="2020-06-11T01:22:52 IST">
  <testcase classname="TestNG.TC1" name="test" time="36.279"/>
  <testcase classname="TestNG.TC3" name="test" time="36.17"/>
  <testcase classname="TestNG.TC2" name="test" time="36.254"/>
  <testcase classname="TestNG.TC5" name="test" time="38.556"/>
  <testcase classname="TestNG.TC4" name="test" time="36.162"/>
  <testcase classname="TestNG.TC7" name="test" time="76.867"/>
  <testcase classname="TestNG.TC6" name="test" time="38.598"/>
</testsuite> <!-- Test -->
